2022-09-04 12:33:51.205 -03:00 INFO  XOutput.Tools.DependencyEmbedder.CurrentDomain_AssemblyResolve: Loading SharpDX.DirectInput.dll from embedded resources
2022-09-04 12:33:51.262 -03:00 INFO  XOutput.Tools.DependencyEmbedder.CurrentDomain_AssemblyResolve: Loading SharpDX.dll from embedded resources
2022-09-04 12:33:51.401 -03:00 INFO  XOutput.UI.Windows.MainWindow..ctor: Starting XOutput in minimized to taskbar
2022-09-04 12:33:51.732 -03:00 INFO  XOutput.Tools.DependencyEmbedder.CurrentDomain_AssemblyResolve: Loading Hardcodet.Wpf.TaskbarNotification.dll from embedded resources
2022-09-04 12:33:51.993 -03:00 INFO  XOutput.Tools.DependencyEmbedder.CurrentDomain_AssemblyResolve: Loading Newtonsoft.Json.dll from embedded resources
2022-09-04 12:33:52.156 -03:00 INFO  XOutput.Tools.LanguageManager..ctor: Brazilian Portuguese language is loaded.
2022-09-04 12:33:52.156 -03:00 INFO  XOutput.Tools.LanguageManager..ctor: English language is loaded.
2022-09-04 12:33:52.156 -03:00 INFO  XOutput.Tools.LanguageManager..ctor: French language is loaded.
2022-09-04 12:33:52.156 -03:00 INFO  XOutput.Tools.LanguageManager..ctor: German language is loaded.
2022-09-04 12:33:52.156 -03:00 INFO  XOutput.Tools.LanguageManager..ctor: Greek language is loaded.
2022-09-04 12:33:52.156 -03:00 INFO  XOutput.Tools.LanguageManager..ctor: Hungarian language is loaded.
2022-09-04 12:33:52.157 -03:00 INFO  XOutput.Tools.LanguageManager..ctor: Russian language is loaded.
2022-09-04 12:33:52.157 -03:00 INFO  XOutput.Tools.LanguageManager..ctor: Simplified Chinese language is loaded.
2022-09-04 12:33:52.157 -03:00 INFO  XOutput.Tools.LanguageManager..ctor: Spanish language is loaded.
2022-09-04 12:33:52.158 -03:00 INFO  XOutput.Tools.LanguageManager.set_Language: Language is set to English
2022-09-04 12:33:52.204 -03:00 INFO  XOutput.Tools.LanguageManager.set_Language: Language is set to Spanish
2022-09-04 12:33:52.237 -03:00 INFO  XOutput.UI.Windows.MainWindowViewModel.Initialize: Loading settings was successful.
2022-09-04 12:33:52.238 -03:00 INFO  XOutput.Tools.DependencyEmbedder.CurrentDomain_AssemblyResolve: Loading Nefarius.ViGEm.Client.dll from embedded resources
2022-09-04 12:33:52.462 -03:00 INFO  XOutput.Devices.GameController.CreateXOutput: ViGEm devices are used.
2022-09-04 12:33:52.488 -03:00 INFO  XOutput.UI.Windows.MainWindowViewModel.Initialize: Keyboard controller is connected
2022-09-04 12:33:52.490 -03:00 INFO  XOutput.UI.Windows.MainWindow.Initialize: The application has started.
2022-09-04 12:33:52.639 -03:00 INFO  XOutput.UI.Windows.MainWindowViewModel.VersionCompare: Version is up-to-date
2022-09-04 14:17:35.011 -03:00 INFO  XOutput.Devices.Input.DirectInput.DirectDevice..ctor: Controller (Xbox 360 Wireless Receiver for Windows) 4708f2f0-cf7a-11ea-8001-444553540000
2022-09-04 14:17:35.026 -03:00 INFO  XOutput.Devices.Input.DirectInput.DirectDevice..ctor: {
Properties: {
  AutoCenter: Se produjo una excepción en el destino de la invocación.
  AxisMode: Absolute
  BufferSize: 128
  ClassGuid: 745a17a0-74d3-11d0-b6fe-00a0c90f57da
  DeadZone: Se produjo una excepción en el destino de la invocación.
  ForceFeedbackGain: 10000
  Granularity: Se produjo una excepción en el destino de la invocación.
  InstanceName: Controller (Xbox 360 Wireless Receiver for Windows)
  InterfacePath: \\?\hid#vid_045e&pid_02a1&ig_00#8&2874ab88&0&0000#{4d1e55b2-f16f-11cf-88cb-001111000030}
  JoystickId: 0
  MemoryLoad: Se produjo una excepción en el destino de la invocación.
  PortDisplayName: Se produjo una excepción en el destino de la invocación.
  ProductId: 673
  ProductName: Controller (Xbox 360 Wireless Receiver for Windows)
  Range: Se produjo una excepción en el destino de la invocación.
  Saturation: Se produjo una excepción en el destino de la invocación.
  TypeName: Se produjo una excepción en el destino de la invocación.
  UserName: Se produjo una excepción en el destino de la invocación.
  VendorId: 1118
}
CreatedEffects: [
]
Capabilities: {
  Type: Gamepad
  Subtype: 258
  IsHumanInterfaceDevice: True
  Flags: Attached, Emulated
  AxeCount: 5
  ButtonCount: 10
  PovCount: 1
  ForceFeedbackSamplePeriod: 0
  ForceFeedbackMinimumTimeResolution: 0
  FirmwareRevision: 0
  HardwareRevision: 0
  DriverVersion: 0
}
Information: {
  Type: Gamepad
  Subtype: 258
  IsHumanInterfaceDevice: True
  InstanceGuid: 4708f2f0-cf7a-11ea-8001-444553540000
  ProductGuid: 02a1045e-0000-0000-0000-504944564944
  InstanceName: Controller (Xbox 360 Wireless Receiver for Windows)
  ProductName: Controller (Xbox 360 Wireless Receiver for Windows)
  ForceFeedbackDriverGuid: 00000000-0000-0000-0000-000000000000
  UsagePage: Generic
  Usage: GenericGamepad
}
Tag: null
NativePointer: 2257001373304
IsDisposed: False
}
2022-09-04 14:17:35.026 -03:00 INFO  XOutput.Devices.Input.DirectInput.DirectDevice..ctor: [
  ObjectType: a36d02e1-c9f3-11cf-bfc7-444553540000
  Offset: 0
  ObjectId: Flags: AbsoluteAxis InstanceNumber: 1 RawId: 0x00000102
  Aspect: Position
  Name: Eje Y
  MaximumForceFeedback: 0
  ForceFeedbackResolution: 0
  CollectionNumber: 1
  DesignatorIndex: 0
  UsagePage: 1
  Usage: 49
  Dimension: 0
  Exponent: 0
  ReportId: 0
  ,
  ObjectType: a36d02e0-c9f3-11cf-bfc7-444553540000
  Offset: 4
  ObjectId: Flags: AbsoluteAxis InstanceNumber: 0 RawId: 0x00000002
  Aspect: Position
  Name: Eje X
  MaximumForceFeedback: 0
  ForceFeedbackResolution: 0
  CollectionNumber: 1
  DesignatorIndex: 0
  UsagePage: 1
  Usage: 48
  Dimension: 0
  Exponent: 0
  ReportId: 0
  ,
  ObjectType: a36d02f5-c9f3-11cf-bfc7-444553540000
  Offset: 8
  ObjectId: Flags: AbsoluteAxis InstanceNumber: 4 RawId: 0x00000402
  Aspect: Position
  Name: Rotación Y
  MaximumForceFeedback: 0
  ForceFeedbackResolution: 0
  CollectionNumber: 2
  DesignatorIndex: 0
  UsagePage: 1
  Usage: 52
  Dimension: 0
  Exponent: 0
  ReportId: 0
  ,
  ObjectType: a36d02f4-c9f3-11cf-bfc7-444553540000
  Offset: 12
  ObjectId: Flags: AbsoluteAxis InstanceNumber: 3 RawId: 0x00000302
  Aspect: Position
  Name: Rotación X
  MaximumForceFeedback: 0
  ForceFeedbackResolution: 0
  CollectionNumber: 2
  DesignatorIndex: 0
  UsagePage: 1
  Usage: 51
  Dimension: 0
  Exponent: 0
  ReportId: 0
  ,
  ObjectType: a36d02e2-c9f3-11cf-bfc7-444553540000
  Offset: 16
  ObjectId: Flags: AbsoluteAxis InstanceNumber: 2 RawId: 0x00000202
  Aspect: Position
  Name: Eje Z
  MaximumForceFeedback: 0
  ForceFeedbackResolution: 0
  CollectionNumber: 3
  DesignatorIndex: 0
  UsagePage: 1
  Usage: 50
  Dimension: 0
  Exponent: 0
  ReportId: 0
  ,
  ObjectType: a36d02f0-c9f3-11cf-bfc7-444553540000
  Offset: 24
  ObjectId: Flags: PushButton InstanceNumber: 0 RawId: 0x00000004
  Aspect: 0
  Name: Botón 0
  MaximumForceFeedback: 0
  ForceFeedbackResolution: 0
  CollectionNumber: 0
  DesignatorIndex: 0
  UsagePage: 9
  Usage: 1
  Dimension: 0
  Exponent: 0
  ReportId: 0
  ,
  ObjectType: a36d02f0-c9f3-11cf-bfc7-444553540000
  Offset: 25
  ObjectId: Flags: PushButton InstanceNumber: 1 RawId: 0x00000104
  Aspect: 0
  Name: Botón 1
  MaximumForceFeedback: 0
  ForceFeedbackResolution: 0
  CollectionNumber: 0
  DesignatorIndex: 0
  UsagePage: 9
  Usage: 2
  Dimension: 0
  Exponent: 0
  ReportId: 0
  ,
  ObjectType: a36d02f0-c9f3-11cf-bfc7-444553540000
  Offset: 26
  ObjectId: Flags: PushButton InstanceNumber: 2 RawId: 0x00000204
  Aspect: 0
  Name: Botón 2
  MaximumForceFeedback: 0
  ForceFeedbackResolution: 0
  CollectionNumber: 0
  DesignatorIndex: 0
  UsagePage: 9
  Usage: 3
  Dimension: 0
  Exponent: 0
  ReportId: 0
  ,
  ObjectType: a36d02f0-c9f3-11cf-bfc7-444553540000
  Offset: 27
  ObjectId: Flags: PushButton InstanceNumber: 3 RawId: 0x00000304
  Aspect: 0
  Name: Botón 3
  MaximumForceFeedback: 0
  ForceFeedbackResolution: 0
  CollectionNumber: 0
  DesignatorIndex: 0
  UsagePage: 9
  Usage: 4
  Dimension: 0
  Exponent: 0
  ReportId: 0
  ,
  ObjectType: a36d02f0-c9f3-11cf-bfc7-444553540000
  Offset: 28
  ObjectId: Flags: PushButton InstanceNumber: 4 RawId: 0x00000404
  Aspect: 0
  Name: Botón 4
  MaximumForceFeedback: 0
  ForceFeedbackResolution: 0
  CollectionNumber: 0
  DesignatorIndex: 0
  UsagePage: 9
  Usage: 5
  Dimension: 0
  Exponent: 0
  ReportId: 0
  ,
  ObjectType: a36d02f0-c9f3-11cf-bfc7-444553540000
  Offset: 29
  ObjectId: Flags: PushButton InstanceNumber: 5 RawId: 0x00000504
  Aspect: 0
  Name: Botón 5
  MaximumForceFeedback: 0
  ForceFeedbackResolution: 0
  CollectionNumber: 0
  DesignatorIndex: 0
  UsagePage: 9
  Usage: 6
  Dimension: 0
  Exponent: 0
  ReportId: 0
  ,
  ObjectType: a36d02f0-c9f3-11cf-bfc7-444553540000
  Offset: 30
  ObjectId: Flags: PushButton InstanceNumber: 6 RawId: 0x00000604
  Aspect: 0
  Name: Botón 6
  MaximumForceFeedback: 0
  ForceFeedbackResolution: 0
  CollectionNumber: 0
  DesignatorIndex: 0
  UsagePage: 9
  Usage: 7
  Dimension: 0
  Exponent: 0
  ReportId: 0
  ,
  ObjectType: a36d02f0-c9f3-11cf-bfc7-444553540000
  Offset: 31
  ObjectId: Flags: PushButton InstanceNumber: 7 RawId: 0x00000704
  Aspect: 0
  Name: Botón 7
  MaximumForceFeedback: 0
  ForceFeedbackResolution: 0
  CollectionNumber: 0
  DesignatorIndex: 0
  UsagePage: 9
  Usage: 8
  Dimension: 0
  Exponent: 0
  ReportId: 0
  ,
  ObjectType: a36d02f0-c9f3-11cf-bfc7-444553540000
  Offset: 32
  ObjectId: Flags: PushButton InstanceNumber: 8 RawId: 0x00000804
  Aspect: 0
  Name: Botón 8
  MaximumForceFeedback: 0
  ForceFeedbackResolution: 0
  CollectionNumber: 0
  DesignatorIndex: 0
  UsagePage: 9
  Usage: 9
  Dimension: 0
  Exponent: 0
  ReportId: 0
  ,
  ObjectType: a36d02f0-c9f3-11cf-bfc7-444553540000
  Offset: 33
  ObjectId: Flags: PushButton InstanceNumber: 9 RawId: 0x00000904
  Aspect: 0
  Name: Botón 9
  MaximumForceFeedback: 0
  ForceFeedbackResolution: 0
  CollectionNumber: 0
  DesignatorIndex: 0
  UsagePage: 9
  Usage: 10
  Dimension: 0
  Exponent: 0
  ReportId: 0
  ,
  ObjectType: a36d02f2-c9f3-11cf-bfc7-444553540000
  Offset: 20
  ObjectId: Flags: PointOfViewController InstanceNumber: 0 RawId: 0x00000010
  Aspect: 0
  Name: Botón del control
  MaximumForceFeedback: 0
  ForceFeedbackResolution: 0
  CollectionNumber: 0
  DesignatorIndex: 0
  UsagePage: 1
  Usage: 57
  Dimension: 14
  Exponent: 0
  ReportId: 0
  ,
  ObjectType: a36d02f3-c9f3-11cf-bfc7-444553540000
  Offset: 0
  ObjectId: Flags: Collection, NoData InstanceNumber: 0 RawId: 0x000000C0
  Aspect: 0
  Name: Colección 0 - Controlador para juegos
  MaximumForceFeedback: 0
  ForceFeedbackResolution: 0
  CollectionNumber: 0
  DesignatorIndex: 0
  UsagePage: 1
  Usage: 5
  Dimension: 0
  Exponent: 0
  ReportId: 0
  ,
  ObjectType: a36d02f3-c9f3-11cf-bfc7-444553540000
  Offset: 0
  ObjectId: Flags: Collection, NoData InstanceNumber: 1 RawId: 0x000001C0
  Aspect: 0
  Name: Colección 1
  MaximumForceFeedback: 0
  ForceFeedbackResolution: 0
  CollectionNumber: 0
  DesignatorIndex: 0
  UsagePage: 1
  Usage: 0
  Dimension: 0
  Exponent: 0
  ReportId: 0
  ,
  ObjectType: a36d02f3-c9f3-11cf-bfc7-444553540000
  Offset: 0
  ObjectId: Flags: Collection, NoData InstanceNumber: 2 RawId: 0x000002C0
  Aspect: 0
  Name: Colección 2
  MaximumForceFeedback: 0
  ForceFeedbackResolution: 0
  CollectionNumber: 0
  DesignatorIndex: 0
  UsagePage: 1
  Usage: 0
  Dimension: 0
  Exponent: 0
  ReportId: 0
  ,
  ObjectType: a36d02f3-c9f3-11cf-bfc7-444553540000
  Offset: 0
  ObjectId: Flags: Collection, NoData InstanceNumber: 3 RawId: 0x000003C0
  Aspect: 0
  Name: Colección 3
  MaximumForceFeedback: 0
  ForceFeedbackResolution: 0
  CollectionNumber: 0
  DesignatorIndex: 0
  UsagePage: 1
  Usage: 0
  Dimension: 0
  Exponent: 0
  ReportId: 0
  ,
]
2022-09-04 14:17:35.026 -03:00 INFO  XOutput.Devices.Input.DirectInput.DirectDevice..ctor:   Eje Y Flags: AbsoluteAxis InstanceNumber: 1 RawId: 0x00000102 offset: 0 objecttype: a36d02e1-c9f3-11cf-bfc7-444553540000 49
2022-09-04 14:17:35.026 -03:00 INFO  XOutput.Devices.Input.DirectInput.DirectDevice..ctor:   Eje X Flags: AbsoluteAxis InstanceNumber: 0 RawId: 0x00000002 offset: 4 objecttype: a36d02e0-c9f3-11cf-bfc7-444553540000 48
2022-09-04 14:17:35.027 -03:00 INFO  XOutput.Devices.Input.DirectInput.DirectDevice..ctor:   Rotación Y Flags: AbsoluteAxis InstanceNumber: 4 RawId: 0x00000402 offset: 8 objecttype: a36d02f5-c9f3-11cf-bfc7-444553540000 52
2022-09-04 14:17:35.027 -03:00 INFO  XOutput.Devices.Input.DirectInput.DirectDevice..ctor:   Rotación X Flags: AbsoluteAxis InstanceNumber: 3 RawId: 0x00000302 offset: 12 objecttype: a36d02f4-c9f3-11cf-bfc7-444553540000 51
2022-09-04 14:17:35.027 -03:00 INFO  XOutput.Devices.Input.DirectInput.DirectDevice..ctor:   Eje Z Flags: AbsoluteAxis InstanceNumber: 2 RawId: 0x00000202 offset: 16 objecttype: a36d02e2-c9f3-11cf-bfc7-444553540000 50
2022-09-04 14:17:35.027 -03:00 INFO  XOutput.Devices.Input.DirectInput.DirectDevice..ctor:   Botón 0 Flags: PushButton InstanceNumber: 0 RawId: 0x00000004 offset: 24 objecttype: a36d02f0-c9f3-11cf-bfc7-444553540000 1
2022-09-04 14:17:35.027 -03:00 INFO  XOutput.Devices.Input.DirectInput.DirectDevice..ctor:   Botón 1 Flags: PushButton InstanceNumber: 1 RawId: 0x00000104 offset: 25 objecttype: a36d02f0-c9f3-11cf-bfc7-444553540000 2
2022-09-04 14:17:35.027 -03:00 INFO  XOutput.Devices.Input.DirectInput.DirectDevice..ctor:   Botón 2 Flags: PushButton InstanceNumber: 2 RawId: 0x00000204 offset: 26 objecttype: a36d02f0-c9f3-11cf-bfc7-444553540000 3
2022-09-04 14:17:35.027 -03:00 INFO  XOutput.Devices.Input.DirectInput.DirectDevice..ctor:   Botón 3 Flags: PushButton InstanceNumber: 3 RawId: 0x00000304 offset: 27 objecttype: a36d02f0-c9f3-11cf-bfc7-444553540000 4
2022-09-04 14:17:35.027 -03:00 INFO  XOutput.Devices.Input.DirectInput.DirectDevice..ctor:   Botón 4 Flags: PushButton InstanceNumber: 4 RawId: 0x00000404 offset: 28 objecttype: a36d02f0-c9f3-11cf-bfc7-444553540000 5
2022-09-04 14:17:35.027 -03:00 INFO  XOutput.Devices.Input.DirectInput.DirectDevice..ctor:   Botón 5 Flags: PushButton InstanceNumber: 5 RawId: 0x00000504 offset: 29 objecttype: a36d02f0-c9f3-11cf-bfc7-444553540000 6
2022-09-04 14:17:35.027 -03:00 INFO  XOutput.Devices.Input.DirectInput.DirectDevice..ctor:   Botón 6 Flags: PushButton InstanceNumber: 6 RawId: 0x00000604 offset: 30 objecttype: a36d02f0-c9f3-11cf-bfc7-444553540000 7
2022-09-04 14:17:35.027 -03:00 INFO  XOutput.Devices.Input.DirectInput.DirectDevice..ctor:   Botón 7 Flags: PushButton InstanceNumber: 7 RawId: 0x00000704 offset: 31 objecttype: a36d02f0-c9f3-11cf-bfc7-444553540000 8
2022-09-04 14:17:35.027 -03:00 INFO  XOutput.Devices.Input.DirectInput.DirectDevice..ctor:   Botón 8 Flags: PushButton InstanceNumber: 8 RawId: 0x00000804 offset: 32 objecttype: a36d02f0-c9f3-11cf-bfc7-444553540000 9
2022-09-04 14:17:35.027 -03:00 INFO  XOutput.Devices.Input.DirectInput.DirectDevice..ctor:   Botón 9 Flags: PushButton InstanceNumber: 9 RawId: 0x00000904 offset: 33 objecttype: a36d02f0-c9f3-11cf-bfc7-444553540000 10
2022-09-04 14:17:35.027 -03:00 INFO  XOutput.Devices.Input.DirectInput.DirectDevice..ctor:   Botón del control Flags: PointOfViewController InstanceNumber: 0 RawId: 0x00000010 offset: 20 objecttype: a36d02f2-c9f3-11cf-bfc7-444553540000 57
2022-09-04 14:17:35.027 -03:00 INFO  XOutput.Devices.Input.DirectInput.DirectDevice..ctor:   Colección 0 - Controlador para juegos Flags: Collection, NoData InstanceNumber: 0 RawId: 0x000000C0 offset: 0 objecttype: a36d02f3-c9f3-11cf-bfc7-444553540000 5
2022-09-04 14:17:35.027 -03:00 INFO  XOutput.Devices.Input.DirectInput.DirectDevice..ctor:   Colección 1 Flags: Collection, NoData InstanceNumber: 1 RawId: 0x000001C0 offset: 0 objecttype: a36d02f3-c9f3-11cf-bfc7-444553540000 0
2022-09-04 14:17:35.027 -03:00 INFO  XOutput.Devices.Input.DirectInput.DirectDevice..ctor:   Colección 2 Flags: Collection, NoData InstanceNumber: 2 RawId: 0x000002C0 offset: 0 objecttype: a36d02f3-c9f3-11cf-bfc7-444553540000 0
2022-09-04 14:17:35.027 -03:00 INFO  XOutput.Devices.Input.DirectInput.DirectDevice..ctor:   Colección 3 Flags: Collection, NoData InstanceNumber: 3 RawId: 0x000003C0 offset: 0 objecttype: a36d02f3-c9f3-11cf-bfc7-444553540000 0
2022-09-04 14:51:07.285 -03:00 WARN  XOutput.Devices.Input.DirectInput.DirectDevice.RefreshInput: Poll failed for 4708f2f0-cf7a-11ea-8001-444553540000
